2019-09-16 19:37:02,198 -  nornir.core -     INFO -        run() - Running task 'command' with args {'command': "echo 'Hello World!'"} on 1 hosts
2019-09-16 19:37:08,378 -  nornir.core -     INFO -        run() - Running task 'command' with args {'command': "echo 'Hello World!'"} on 1 hosts
2019-09-16 19:37:14,004 -  nornir.core -     INFO -        run() - Running task 'command' with args {'command': "echo 'Hello World!'"} on 1 hosts
2019-09-16 19:37:58,361 -  nornir.core -     INFO -        run() - Running task 'command' with args {'command': "echo 'Hello World!'"} on 1 hosts
2019-09-16 19:39:03,808 -  nornir.core -     INFO -        run() - Running task 'command' with args {'command': "echo 'Hello World!'"} on 3 hosts
2019-09-16 19:39:08,578 -  nornir.core -     INFO -        run() - Running task 'command' with args {'command': "echo 'Hello World!'"} on 3 hosts
2019-09-16 19:40:13,277 -  nornir.core -     INFO -        run() - Running task 'command' with args {'command': "echo 'Hello World!'"} on 1 hosts
2019-09-16 19:40:41,964 -  nornir.core -     INFO -        run() - Running task 'command' with args {'command': "echo 'Hello World!'"} on 1 hosts
2019-09-16 19:40:47,755 -  nornir.core -     INFO -        run() - Running task 'command' with args {'command': "echo 'Hello World!'"} on 1 hosts
2019-09-16 19:41:10,006 -  nornir.core -     INFO -        run() - Running task 'command' with args {'command': "echo 'Hello World!'"} on 1 hosts
2019-09-16 19:41:26,100 -  nornir.core -     INFO -        run() - Running task 'command' with args {'command': "echo 'Hello World!'"} on 1 hosts
2019-09-16 19:41:44,780 -  nornir.core -     INFO -        run() - Running task 'command' with args {'command': "echo 'Hello World!'"} on 1 hosts
2019-09-16 19:42:04,016 -  nornir.core -     INFO -        run() - Running task 'command' with args {'command': "echo 'Hello World!'"} on 1 hosts
2019-09-16 19:43:02,044 -  nornir.core -     INFO -        run() - Running task 'command' with args {'command': "echo 'Hello World!'"} on 1 hosts
2019-09-16 19:43:05,076 -  nornir.core -     INFO -        run() - Running task 'command' with args {'command': "echo 'Hello World!'"} on 1 hosts
2019-09-16 19:43:45,462 -  nornir.core -     INFO -        run() - Running task 'test_task' with args {'command': "echo 'Hello World!'", 'name': 'test_task'} on 1 hosts
2019-09-16 19:43:58,826 -  nornir.core -     INFO -        run() - Running task 'test_task' with args {'command': "echo 'Hello World!'", 'name': 'test_task'} on 1 hosts
2019-09-16 19:44:01,400 -  nornir.core -     INFO -        run() - Running task 'test_task' with args {'command': "echo 'Hello World!'", 'name': 'test_task'} on 1 hosts
2019-09-16 19:44:29,006 -  nornir.core -     INFO -        run() - Running task 'command' with args {'command': "echo 'Hello World!'"} on 1 hosts
2019-09-16 19:45:01,330 -  nornir.core -     INFO -        run() - Running task 'command' with args {'command': "echo 'Hello World!'"} on 1 hosts
2019-09-16 19:45:22,916 -  nornir.core -     INFO -        run() - Running task 'command' with args {'command': "echo 'Hello World!'"} on 1 hosts
2019-09-16 19:45:46,696 -  nornir.core -     INFO -        run() - Running task 'command' with args {'command': "echo 'Hello World!'"} on 1 hosts
2019-09-16 19:46:10,498 -  nornir.core -     INFO -        run() - Running task 'command' with args {'command': "echo 'Hello World!'"} on 1 hosts
2019-09-16 19:46:26,283 -  nornir.core -     INFO -        run() - Running task 'command' with args {'command': "echo 'Hello World!'"} on 1 hosts
2019-09-16 19:46:43,474 -  nornir.core -     INFO -        run() - Running task 'command' with args {'command': "echo 'Hello World!'"} on 1 hosts
2019-09-16 19:47:10,997 -  nornir.core -     INFO -        run() - Running task 'command' with args {'command': "echo 'Hello World!'"} on 1 hosts
2019-09-16 19:47:22,262 -  nornir.core -     INFO -        run() - Running task 'something' with args {'command': "echo 'Hello World!'", 'name': 'something'} on 1 hosts
2019-09-16 19:47:30,688 -  nornir.core -     INFO -        run() - Running task 'test_task' with args {'command': "echo 'Hello World!'", 'name': 'test_task'} on 1 hosts
2019-09-16 19:47:40,781 -  nornir.core -     INFO -        run() - Running task 'test_task' with args {'command': "echo 'Hello World!'", 'name': 'test_task'} on 1 hosts
2019-09-16 19:47:53,470 -  nornir.core -     INFO -        run() - Running task 'test_task' with args {'command': "echo 'Hello World!'", 'name': 'test_task'} on 1 hosts
2019-09-16 19:51:00,087 -  nornir.core -     INFO -        run() - Running task 'custom_task_example' with args {} on 1 hosts
2019-09-16 19:51:25,424 -  nornir.core -     INFO -        run() - Running task 'custom_task_example' with args {} on 1 hosts
2019-09-16 19:51:47,053 -  nornir.core -     INFO -        run() - Running task 'custom_task_example' with args {} on 1 hosts
2019-09-16 19:53:20,744 -  nornir.core -     INFO -        run() - Running task 'custom_task_example' with args {} on 1 hosts
2019-09-16 19:53:20,854 -  nornir.core -     INFO -        run() - Running task 'custom_task_example_2' with args {} on 1 hosts
2019-09-16 19:53:37,383 -  nornir.core -     INFO -        run() - Running task 'custom_task_example' with args {} on 1 hosts
2019-09-16 19:53:37,491 -  nornir.core -     INFO -        run() - Running task 'custom_task_example_2' with args {} on 1 hosts
2019-09-16 19:54:34,558 -  nornir.core -     INFO -        run() - Running task 'custom_task_example' with args {} on 1 hosts
2019-09-16 19:54:34,668 -  nornir.core -     INFO -        run() - Running task 'custom_task_example_2' with args {} on 1 hosts
2019-09-16 19:58:04,375 -  nornir.core -     INFO -        run() - Running task 'custom_task_example' with args {} on 1 hosts
2019-09-16 19:58:04,480 -  nornir.core -     INFO -        run() - Running task 'custom_task_example_2' with args {} on 1 hosts
2019-09-16 19:58:27,559 -  nornir.core -     INFO -        run() - Running task 'custom_task_example' with args {} on 1 hosts
2019-09-16 19:58:27,665 -  nornir.core -     INFO -        run() - Running task 'custom_task_example_2' with args {} on 1 hosts
2019-09-16 19:59:48,096 -  nornir.core -     INFO -        run() - Running task 'custom_task_example' with args {} on 3 hosts
2019-09-16 19:59:48,200 -  nornir.core -     INFO -        run() - Running task 'custom_task_example_2' with args {} on 3 hosts
2019-09-16 20:00:30,289 -  nornir.core -     INFO -        run() - Running task 'custom_task_example' with args {} on 1 hosts
2019-09-16 20:00:30,398 -  nornir.core -     INFO -        run() - Running task 'custom_task_example_2' with args {} on 1 hosts
2019-09-16 20:00:48,542 -  nornir.core -     INFO -        run() - Running task 'custom_task_example' with args {} on 1 hosts
2019-09-16 20:00:48,646 -  nornir.core -     INFO -        run() - Running task 'custom_task_example_2' with args {} on 1 hosts
2019-09-16 20:01:23,371 -  nornir.core -     INFO -        run() - Running task 'custom_task_example' with args {} on 1 hosts
2019-09-16 20:01:23,475 -  nornir.core -     INFO -        run() - Running task 'custom_task_example_2' with args {} on 1 hosts
2019-09-16 20:02:16,208 -  nornir.core -     INFO -        run() - Running task 'custom_task_example' with args {} on 1 hosts
2019-09-16 20:02:28,262 -  nornir.core -     INFO -        run() - Running task 'custom_task_example' with args {} on 1 hosts
2019-09-16 20:03:49,555 -  nornir.core -     INFO -        run() - Running task 'custom_task_example' with args {} on 1 hosts
2019-09-16 20:03:49,664 -  nornir.core -     INFO -        run() - Running task 'another_custom_task_example' with args {} on 1 hosts
2019-09-16 20:09:01,861 -  nornir.core -     INFO -        run() - Running task 'custom_task_example' with args {} on 1 hosts
2019-09-16 20:09:01,967 -  nornir.core -     INFO -        run() - Running task 'another_custom_task_example' with args {} on 1 hosts
2019-09-16 20:09:17,552 -  nornir.core -     INFO -        run() - Running task 'custom_task_example' with args {} on 1 hosts
2019-09-16 20:09:17,790 -  nornir.core -     INFO -        run() - Running task 'custom_task_example' with args {} on 1 hosts
2019-09-16 20:09:17,896 -  nornir.core -     INFO -        run() - Running task 'another_custom_task_example' with args {} on 1 hosts
2019-09-16 20:10:10,489 -  nornir.core -     INFO -        run() - Running task 'custom_task_example' with args {} on 1 hosts
2019-09-16 20:10:10,733 -  nornir.core -     INFO -        run() - Running task 'custom_task_example' with args {} on 1 hosts
2019-09-16 20:10:10,840 -  nornir.core -     INFO -        run() - Running task 'another_custom_task_example' with args {} on 1 hosts
2019-09-16 20:13:15,262 -  nornir.core -     INFO -        run() - Running task 'custom_task_example' with args {} on 1 hosts
2019-09-16 20:13:54,479 -  nornir.core -     INFO -        run() - Running task 'custom_task_example' with args {} on 1 hosts
2019-09-16 20:14:26,714 -  nornir.core -     INFO -        run() - Running task 'custom_task_example' with args {} on 1 hosts
2019-09-16 20:15:22,175 - nornir.core.task -    ERROR -      start() - Host 'localhost': task 'custom_task_example' failed with traceback:
Traceback (most recent call last):
  File "/Library/Frameworks/Python.framework/Versions/3.7/lib/python3.7/site-packages/nornir/core/task.py", line 67, in start
    r = self.task(self, **self.params)
  File "/Users/carl/Dev/GitHub/nornsible/nornsible/nornsible.py", line 149, in tag_wrapper
    if set([wrapped_func.__name__]).intersection(task.nornir.skip_tags):
  File "/Users/carl/Dev/GitHub/nornsible/nornsible/nornsible.py", line 149, in tag_wrapper
    if set([wrapped_func.__name__]).intersection(task.nornir.skip_tags):
  File "/Library/Frameworks/Python.framework/Versions/3.7/lib/python3.7/bdb.py", line 88, in trace_dispatch
    return self.dispatch_line(frame)
  File "/Library/Frameworks/Python.framework/Versions/3.7/lib/python3.7/bdb.py", line 113, in dispatch_line
    if self.quitting: raise BdbQuit
bdb.BdbQuit

2019-09-16 20:15:32,325 -  nornir.core -     INFO -        run() - Running task 'custom_task_example' with args {} on 1 hosts
2019-09-16 20:15:39,661 -  nornir.core -     INFO -        run() - Running task 'custom_task_example' with args {} on 1 hosts
2019-09-16 20:15:39,774 -  nornir.core -     INFO -        run() - Running task 'custom_task_example' with args {} on 1 hosts
2019-09-16 20:15:39,882 -  nornir.core -     INFO -        run() - Running task 'another_custom_task_example' with args {} on 1 hosts
2019-09-16 20:16:33,257 -  nornir.core -     INFO -        run() - Running task 'custom_task_example' with args {} on 1 hosts
2019-09-16 20:16:41,494 -  nornir.core -     INFO -        run() - Running task 'custom_task_example' with args {} on 1 hosts
2019-09-16 20:16:41,605 -  nornir.core -     INFO -        run() - Running task 'custom_task_example' with args {} on 1 hosts
2019-09-16 20:16:41,713 -  nornir.core -     INFO -        run() - Running task 'custom_task_example_2' with args {} on 1 hosts
2019-09-16 20:17:17,249 -  nornir.core -     INFO -        run() - Running task 'custom_task_example' with args {} on 1 hosts
2019-09-16 20:17:17,360 -  nornir.core -     INFO -        run() - Running task 'custom_task_example' with args {} on 1 hosts
2019-09-16 20:17:17,468 -  nornir.core -     INFO -        run() - Running task 'custom_task_example_2' with args {} on 1 hosts
2019-09-16 20:17:59,969 -  nornir.core -     INFO -        run() - Running task 'custom_task_example' with args {} on 1 hosts
2019-09-16 20:18:00,082 -  nornir.core -     INFO -        run() - Running task 'custom_task_example' with args {} on 1 hosts
2019-09-16 20:18:00,191 -  nornir.core -     INFO -        run() - Running task 'custom_task_example_2' with args {} on 1 hosts
2019-09-16 20:18:20,879 -  nornir.core -     INFO -        run() - Running task 'custom_task_example' with args {} on 1 hosts
2019-09-16 20:18:20,984 -  nornir.core -     INFO -        run() - Running task 'custom_task_example_2' with args {} on 1 hosts
2019-09-16 20:18:54,682 -  nornir.core -     INFO -        run() - Running task 'custom_task_example' with args {} on 1 hosts
2019-09-16 20:18:54,788 -  nornir.core -     INFO -        run() - Running task 'custom_task_example_2' with args {} on 1 hosts
2019-09-16 20:19:18,047 -  nornir.core -     INFO -        run() - Running task 'custom_task_example' with args {} on 1 hosts
2019-09-16 20:19:18,154 -  nornir.core -     INFO -        run() - Running task 'custom_task_example_2' with args {} on 1 hosts
2019-09-16 20:19:53,243 -  nornir.core -     INFO -        run() - Running task 'custom_task_example' with args {} on 1 hosts
2019-09-16 20:19:53,348 -  nornir.core -     INFO -        run() - Running task 'custom_task_example_2' with args {} on 1 hosts
2019-09-16 20:20:15,934 -  nornir.core -     INFO -        run() - Running task 'custom_task_example' with args {} on 1 hosts
2019-09-16 20:20:16,041 -  nornir.core -     INFO -        run() - Running task 'custom_task_example_2' with args {} on 1 hosts
2019-09-16 20:20:24,729 -  nornir.core -     INFO -        run() - Running task 'custom_task_example' with args {} on 1 hosts
2019-09-16 20:20:24,843 -  nornir.core -     INFO -        run() - Running task 'custom_task_example' with args {} on 1 hosts
2019-09-16 20:20:24,947 -  nornir.core -     INFO -        run() - Running task 'custom_task_example_2' with args {} on 1 hosts
2019-09-16 20:20:41,693 -  nornir.core -     INFO -        run() - Running task 'custom_task_example' with args {} on 1 hosts
2019-09-16 20:20:41,805 -  nornir.core -     INFO -        run() - Running task 'custom_task_example' with args {} on 1 hosts
2019-09-16 20:20:41,914 -  nornir.core -     INFO -        run() - Running task 'custom_task_example_2' with args {} on 1 hosts
2019-09-16 20:20:44,591 -  nornir.core -     INFO -        run() - Running task 'custom_task_example' with args {} on 1 hosts
2019-09-16 20:20:44,707 -  nornir.core -     INFO -        run() - Running task 'custom_task_example' with args {} on 1 hosts
2019-09-16 20:20:44,812 -  nornir.core -     INFO -        run() - Running task 'custom_task_example_2' with args {} on 1 hosts
2019-09-16 20:22:23,439 -  nornir.core -     INFO -        run() - Running task 'custom_task_example' with args {} on 1 hosts
2019-09-16 20:22:23,552 -  nornir.core -     INFO -        run() - Running task 'custom_task_example' with args {} on 1 hosts
2019-09-16 20:22:23,660 -  nornir.core -     INFO -        run() - Running task 'custom_task_example_2' with args {} on 1 hosts
2019-09-16 20:22:23,775 -  nornir.core -     INFO -        run() - Running task 'custom_task_example' with args {} on 1 hosts
2019-09-16 20:22:23,878 -  nornir.core -     INFO -        run() - Running task 'custom_task_example_2' with args {} on 1 hosts
2019-09-16 20:22:28,717 -  nornir.core -     INFO -        run() - Running task 'custom_task_example' with args {} on 1 hosts
2019-09-16 20:22:28,829 -  nornir.core -     INFO -        run() - Running task 'custom_task_example' with args {} on 1 hosts
2019-09-16 20:22:28,937 -  nornir.core -     INFO -        run() - Running task 'custom_task_example_2' with args {} on 1 hosts
2019-09-16 20:22:29,051 -  nornir.core -     INFO -        run() - Running task 'custom_task_example' with args {} on 1 hosts
2019-09-16 20:22:29,156 -  nornir.core -     INFO -        run() - Running task 'custom_task_example_2' with args {} on 1 hosts
2019-09-16 20:22:31,168 -  nornir.core -     INFO -        run() - Running task 'custom_task_example' with args {} on 1 hosts
2019-09-16 20:22:31,280 -  nornir.core -     INFO -        run() - Running task 'custom_task_example' with args {} on 1 hosts
2019-09-16 20:22:31,390 -  nornir.core -     INFO -        run() - Running task 'custom_task_example_2' with args {} on 1 hosts
2019-09-16 20:22:31,504 -  nornir.core -     INFO -        run() - Running task 'custom_task_example' with args {} on 1 hosts
2019-09-16 20:22:31,608 -  nornir.core -     INFO -        run() - Running task 'custom_task_example_2' with args {} on 1 hosts
2019-09-16 20:23:31,157 -  nornir.core -     INFO -        run() - Running task 'custom_task_example' with args {} on 1 hosts
2019-09-16 20:23:31,275 -  nornir.core -     INFO -        run() - Running task 'custom_task_example' with args {} on 1 hosts
2019-09-16 20:23:31,386 -  nornir.core -     INFO -        run() - Running task 'custom_task_example_2' with args {} on 1 hosts
2019-09-16 20:23:31,499 -  nornir.core -     INFO -        run() - Running task 'custom_task_example' with args {} on 1 hosts
2019-09-16 20:23:31,605 -  nornir.core -     INFO -        run() - Running task 'custom_task_example_2' with args {} on 1 hosts
2019-09-16 20:23:33,578 -  nornir.core -     INFO -        run() - Running task 'custom_task_example' with args {} on 1 hosts
2019-09-16 20:23:33,698 -  nornir.core -     INFO -        run() - Running task 'custom_task_example' with args {} on 1 hosts
2019-09-16 20:23:33,804 -  nornir.core -     INFO -        run() - Running task 'custom_task_example_2' with args {} on 1 hosts
2019-09-16 20:23:33,923 -  nornir.core -     INFO -        run() - Running task 'custom_task_example' with args {} on 1 hosts
2019-09-16 20:23:34,028 -  nornir.core -     INFO -        run() - Running task 'custom_task_example_2' with args {} on 1 hosts
2019-09-16 20:24:43,184 -  nornir.core -     INFO -        run() - Running task 'custom_task_example' with args {} on 1 hosts
2019-09-16 20:24:43,299 -  nornir.core -     INFO -        run() - Running task 'custom_task_example' with args {} on 1 hosts
2019-09-16 20:24:43,409 -  nornir.core -     INFO -        run() - Running task 'custom_task_example_2' with args {} on 1 hosts
2019-09-16 20:24:43,526 -  nornir.core -     INFO -        run() - Running task 'custom_task_example' with args {} on 1 hosts
2019-09-16 20:24:43,631 -  nornir.core -     INFO -        run() - Running task 'custom_task_example_2' with args {} on 1 hosts
2019-09-16 20:24:45,649 -  nornir.core -     INFO -        run() - Running task 'custom_task_example' with args {} on 1 hosts
2019-09-16 20:24:45,763 -  nornir.core -     INFO -        run() - Running task 'custom_task_example' with args {} on 1 hosts
2019-09-16 20:24:45,869 -  nornir.core -     INFO -        run() - Running task 'custom_task_example_2' with args {} on 1 hosts
2019-09-16 20:24:45,980 -  nornir.core -     INFO -        run() - Running task 'custom_task_example' with args {} on 1 hosts
2019-09-16 20:24:46,086 -  nornir.core -     INFO -        run() - Running task 'custom_task_example_2' with args {} on 1 hosts
2019-09-16 20:28:28,234 -  nornir.core -     INFO -        run() - Running task 'custom_task_example' with args {} on 1 hosts
2019-09-16 20:28:28,347 -  nornir.core -     INFO -        run() - Running task 'custom_task_example' with args {} on 1 hosts
2019-09-16 20:28:28,455 -  nornir.core -     INFO -        run() - Running task 'custom_task_example_2' with args {} on 1 hosts
2019-09-16 20:28:28,568 -  nornir.core -     INFO -        run() - Running task 'custom_task_example' with args {} on 1 hosts
2019-09-16 20:28:28,675 -  nornir.core -     INFO -        run() - Running task 'custom_task_example_2' with args {} on 1 hosts
2019-09-16 20:28:30,698 -  nornir.core -     INFO -        run() - Running task 'custom_task_example' with args {} on 1 hosts
2019-09-16 20:28:30,812 -  nornir.core -     INFO -        run() - Running task 'custom_task_example' with args {} on 1 hosts
2019-09-16 20:28:30,918 -  nornir.core -     INFO -        run() - Running task 'custom_task_example_2' with args {} on 1 hosts
2019-09-16 20:28:31,036 -  nornir.core -     INFO -        run() - Running task 'custom_task_example' with args {} on 1 hosts
2019-09-16 20:28:31,143 -  nornir.core -     INFO -        run() - Running task 'custom_task_example_2' with args {} on 1 hosts
2019-09-16 20:37:06,064 -  nornir.core -     INFO -        run() - Running task 'custom_task_example' with args {} on 1 hosts
2019-09-16 20:37:06,176 -  nornir.core -     INFO -        run() - Running task 'custom_task_example' with args {} on 1 hosts
2019-09-16 20:37:06,286 -  nornir.core -     INFO -        run() - Running task 'custom_task_example_2' with args {} on 1 hosts
2019-09-16 20:37:06,402 -  nornir.core -     INFO -        run() - Running task 'custom_task_example' with args {} on 1 hosts
2019-09-16 20:37:06,508 -  nornir.core -     INFO -        run() - Running task 'custom_task_example_2' with args {} on 1 hosts
2019-09-16 20:37:08,614 -  nornir.core -     INFO -        run() - Running task 'custom_task_example' with args {} on 1 hosts
2019-09-16 20:37:08,730 -  nornir.core -     INFO -        run() - Running task 'custom_task_example' with args {} on 1 hosts
2019-09-16 20:37:08,835 -  nornir.core -     INFO -        run() - Running task 'custom_task_example_2' with args {} on 1 hosts
2019-09-16 20:37:08,953 -  nornir.core -     INFO -        run() - Running task 'custom_task_example' with args {} on 1 hosts
2019-09-16 20:37:09,063 -  nornir.core -     INFO -        run() - Running task 'custom_task_example_2' with args {} on 1 hosts
2019-09-16 20:38:08,719 -  nornir.core -     INFO -        run() - Running task 'custom_task_example' with args {} on 1 hosts
2019-09-16 20:38:08,833 -  nornir.core -     INFO -        run() - Running task 'custom_task_example' with args {} on 1 hosts
2019-09-16 20:38:08,940 -  nornir.core -     INFO -        run() - Running task 'custom_task_example_2' with args {} on 1 hosts
2019-09-16 20:38:09,053 -  nornir.core -     INFO -        run() - Running task 'custom_task_example' with args {} on 1 hosts
2019-09-16 20:38:09,158 -  nornir.core -     INFO -        run() - Running task 'custom_task_example_2' with args {} on 1 hosts
2019-09-16 20:38:11,247 -  nornir.core -     INFO -        run() - Running task 'custom_task_example' with args {} on 1 hosts
2019-09-16 20:38:11,364 -  nornir.core -     INFO -        run() - Running task 'custom_task_example' with args {} on 1 hosts
2019-09-16 20:38:11,474 -  nornir.core -     INFO -        run() - Running task 'custom_task_example_2' with args {} on 1 hosts
2019-09-16 20:38:11,586 -  nornir.core -     INFO -        run() - Running task 'custom_task_example' with args {} on 1 hosts
2019-09-16 20:38:11,696 -  nornir.core -     INFO -        run() - Running task 'custom_task_example_2' with args {} on 1 hosts
2019-09-16 20:38:42,694 -  nornir.core -     INFO -        run() - Running task 'custom_task_example' with args {} on 1 hosts
2019-09-16 20:38:42,812 -  nornir.core -     INFO -        run() - Running task 'custom_task_example' with args {} on 1 hosts
2019-09-16 20:38:42,922 -  nornir.core -     INFO -        run() - Running task 'custom_task_example_2' with args {} on 1 hosts
2019-09-16 20:38:43,040 -  nornir.core -     INFO -        run() - Running task 'custom_task_example' with args {} on 1 hosts
2019-09-16 20:38:43,150 -  nornir.core -     INFO -        run() - Running task 'custom_task_example_2' with args {} on 1 hosts
2019-09-16 20:38:45,435 -  nornir.core -     INFO -        run() - Running task 'custom_task_example' with args {} on 1 hosts
2019-09-16 20:38:45,547 -  nornir.core -     INFO -        run() - Running task 'custom_task_example' with args {} on 1 hosts
2019-09-16 20:38:45,651 -  nornir.core -     INFO -        run() - Running task 'custom_task_example_2' with args {} on 1 hosts
2019-09-16 20:38:45,767 -  nornir.core -     INFO -        run() - Running task 'custom_task_example' with args {} on 1 hosts
2019-09-16 20:38:45,877 -  nornir.core -     INFO -        run() - Running task 'custom_task_example_2' with args {} on 1 hosts
2019-09-16 20:38:56,192 -  nornir.core -     INFO -        run() - Running task 'custom_task_example' with args {} on 1 hosts
2019-09-16 20:38:56,311 -  nornir.core -     INFO -        run() - Running task 'custom_task_example' with args {} on 1 hosts
2019-09-16 20:38:56,418 -  nornir.core -     INFO -        run() - Running task 'custom_task_example_2' with args {} on 1 hosts
2019-09-16 20:38:56,534 -  nornir.core -     INFO -        run() - Running task 'custom_task_example' with args {} on 1 hosts
2019-09-16 20:38:56,640 -  nornir.core -     INFO -        run() - Running task 'custom_task_example_2' with args {} on 1 hosts
2019-09-16 20:38:58,677 -  nornir.core -     INFO -        run() - Running task 'custom_task_example' with args {} on 1 hosts
2019-09-16 20:38:58,796 -  nornir.core -     INFO -        run() - Running task 'custom_task_example' with args {} on 1 hosts
2019-09-16 20:38:58,905 -  nornir.core -     INFO -        run() - Running task 'custom_task_example_2' with args {} on 1 hosts
2019-09-16 20:38:59,018 -  nornir.core -     INFO -        run() - Running task 'custom_task_example' with args {} on 1 hosts
2019-09-16 20:38:59,127 -  nornir.core -     INFO -        run() - Running task 'custom_task_example_2' with args {} on 1 hosts
